-encoding
UTF-8
-outxml
-source
7
-target
7
-classpath
C:\Users\Pongpipat\.m2\repository\junit\junit\4.11\junit-4.11.jar;C:\Users\Pongpipat\.m2\repository\log4j\log4j\1.2.17\log4j-1.2.17.jar;C:\Users\Pongpipat\.m2\repository\org\slf4j\slf4j-api\1.7.5\slf4j-api-1.7.5.jar;C:\Users\Pongpipat\.m2\repository\org\slf4j\jcl-over-slf4j\1.7.5\jcl-over-slf4j-1.7.5.jar;C:\Users\Pongpipat\.m2\repository\org\slf4j\slf4j-log4j12\1.7.5\slf4j-log4j12-1.7.5.jar;C:\Users\Pongpipat\.m2\repository\org\aspectj\aspectjrt\1.7.4\aspectjrt-1.7.4.jar;C:\Users\Pongpipat\.m2\repository\org\aspectj\aspectjweaver\1.7.4\aspectjweaver-1.7.4.jar;C:\Users\Pongpipat\.m2\repository\javax\servlet\servlet-api\2.5\servlet-api-2.5.jar;C:\Users\Pongpipat\.m2\repository\net\sf\flexjson\flexjson\2.1\flexjson-2.1.jar;C:\Users\Pongpipat\.m2\repository\org\apache\commons\commons-lang3\3.1\commons-lang3-3.1.jar;C:\Users\Pongpipat\.m2\repository\org\springframework\roo\org.springframework.roo.annotations\1.2.5.RELEASE\org.springframework.roo.annotations-1.2.5.RELEASE.jar;C:\Users\Pongpipat\.m2\repository\org\springframework\spring-core\3.2.6.RELEASE\spring-core-3.2.6.RELEASE.jar;C:\Users\Pongpipat\.m2\repository\org\springframework\spring-test\3.2.6.RELEASE\spring-test-3.2.6.RELEASE.jar;C:\Users\Pongpipat\.m2\repository\org\springframework\spring-context\3.2.6.RELEASE\spring-context-3.2.6.RELEASE.jar;C:\Users\Pongpipat\.m2\repository\org\springframework\spring-aop\3.2.6.RELEASE\spring-aop-3.2.6.RELEASE.jar;C:\Users\Pongpipat\.m2\repository\org\springframework\spring-aspects\3.2.6.RELEASE\spring-aspects-3.2.6.RELEASE.jar;C:\Users\Pongpipat\.m2\repository\org\apache\derby\derby\10.8.2.2\derby-10.8.2.2.jar;C:\Users\Pongpipat\.m2\repository\org\hibernate\hibernate-core\4.2.2.Final\hibernate-core-4.2.2.Final.jar;C:\Users\Pongpipat\.m2\repository\org\hibernate\hibernate-entitymanager\4.2.2.Final\hibernate-entitymanager-4.2.2.Final.jar;C:\Users\Pongpipat\.m2\repository\org\hibernate\javax\persistence\hibernate-jpa-2.0-api\1.0.1.Final\hibernate-jpa-2.0-api-1.0.1.Final.jar;C:\Users\Pongpipat\.m2\repository\commons-collections\commons-collections\3.2.1\commons-collections-3.2.1.jar;C:\Users\Pongpipat\.m2\repository\org\hibernate\hibernate-validator\4.3.1.Final\hibernate-validator-4.3.1.Final.jar;C:\Users\Pongpipat\.m2\repository\javax\validation\validation-api\1.0.0.GA\validation-api-1.0.0.GA.jar;C:\Users\Pongpipat\.m2\repository\javax\transaction\jta\1.1\jta-1.1.jar;C:\Users\Pongpipat\.m2\repository\org\springframework\spring-jdbc\3.2.6.RELEASE\spring-jdbc-3.2.6.RELEASE.jar;C:\Users\Pongpipat\.m2\repository\org\springframework\spring-orm\3.2.6.RELEASE\spring-orm-3.2.6.RELEASE.jar;C:\Users\Pongpipat\.m2\repository\commons-pool\commons-pool\1.5.6\commons-pool-1.5.6.jar;C:\Users\Pongpipat\.m2\repository\commons-dbcp\commons-dbcp\1.4\commons-dbcp-1.4.jar;C:\Users\Pongpipat\.m2\repository\commons-io\commons-io\2.4\commons-io-2.4.jar;C:\Users\Pongpipat\.m2\repository\commons-codec\commons-codec\1.8\commons-codec-1.8.jar;C:\Users\Pongpipat\.m2\repository\org\springframework\spring-beans\3.2.6.RELEASE\spring-beans-3.2.6.RELEASE.jar;C:\Users\Pongpipat\.m2\repository\org\springframework\spring-expression\3.2.6.RELEASE\spring-expression-3.2.6.RELEASE.jar;C:\Users\Pongpipat\.m2\repository\aopalliance\aopalliance\1.0\aopalliance-1.0.jar;C:\Users\Pongpipat\.m2\repository\org\springframework\spring-context-support\3.2.6.RELEASE\spring-context-support-3.2.6.RELEASE.jar;C:\Users\Pongpipat\.m2\repository\antlr\antlr\2.7.7\antlr-2.7.7.jar;C:\Users\Pongpipat\.m2\repository\org\jboss\logging\jboss-logging\3.1.0.GA\jboss-logging-3.1.0.GA.jar;C:\Users\Pongpipat\.m2\repository\dom4j\dom4j\1.6.1\dom4j-1.6.1.jar;C:\Users\Pongpipat\.m2\repository\org\jboss\spec\javax\transaction\jboss-transaction-api_1.1_spec\1.0.1.Final\jboss-transaction-api_1.1_spec-1.0.1.Final.jar;C:\Users\Pongpipat\.m2\repository\org\hibernate\common\hibernate-commons-annotations\4.0.2.Final\hibernate-commons-annotations-4.0.2.Final.jar;C:\Users\Pongpipat\.m2\repository\org\javassist\javassist\3.15.0-GA\javassist-3.15.0-GA.jar;C:\Users\Pongpipat\.m2\repository\org\springframework\spring-tx\3.2.6.RELEASE\spring-tx-3.2.6.RELEASE.jar;E:\SoftSquare\APP2Track\EM\target\classes
-aspectpath
C:\Users\Pongpipat\.m2\repository\org\springframework\spring-aspects\3.2.6.RELEASE\spring-aspects-3.2.6.RELEASE.jar
-d
E:\SoftSquare\APP2Track\EM\target\classes
E:\SoftSquare\APP2Track\EM\src\main\java\com\app2\app2t\base\BaseEntity.java
E:\SoftSquare\APP2Track\EM\src\main\java\com\app2\app2t\base\BaseEntity_Roo_Configurable.aj
E:\SoftSquare\APP2Track\EM\src\main\java\com\app2\app2t\base\BaseEntity_Roo_JavaBean.aj
E:\SoftSquare\APP2Track\EM\src\main\java\com\app2\app2t\base\BaseEntity_Roo_Jpa_ActiveRecord.aj
E:\SoftSquare\APP2Track\EM\src\main\java\com\app2\app2t\base\BaseEntity_Roo_Jpa_Entity.aj
E:\SoftSquare\APP2Track\EM\src\main\java\com\app2\app2t\base\BaseEntity_Roo_ToString.aj
E:\SoftSquare\APP2Track\EM\src\main\java\com\app2\app2t\domain\em\EMEmployee.java
E:\SoftSquare\APP2Track\EM\src\main\java\com\app2\app2t\domain\em\EMEmployee_Roo_Configurable.aj
E:\SoftSquare\APP2Track\EM\src\main\java\com\app2\app2t\domain\em\EMEmployee_Roo_JavaBean.aj
E:\SoftSquare\APP2Track\EM\src\main\java\com\app2\app2t\domain\em\EMEmployee_Roo_Jpa_ActiveRecord.aj
E:\SoftSquare\APP2Track\EM\src\main\java\com\app2\app2t\domain\em\EMEmployee_Roo_Jpa_Entity.aj
E:\SoftSquare\APP2Track\EM\src\main\java\com\app2\app2t\domain\em\EMEmployee_Roo_ToString.aj
E:\SoftSquare\APP2Track\EM\src\main\java\com\app2\app2t\domain\em\EMPosition.java
E:\SoftSquare\APP2Track\EM\src\main\java\com\app2\app2t\domain\em\EMPosition_Roo_Configurable.aj
E:\SoftSquare\APP2Track\EM\src\main\java\com\app2\app2t\domain\em\EMPosition_Roo_JavaBean.aj
E:\SoftSquare\APP2Track\EM\src\main\java\com\app2\app2t\domain\em\EMPosition_Roo_Jpa_ActiveRecord.aj
E:\SoftSquare\APP2Track\EM\src\main\java\com\app2\app2t\domain\em\EMPosition_Roo_Jpa_Entity.aj
E:\SoftSquare\APP2Track\EM\src\main\java\com\app2\app2t\domain\em\EMPosition_Roo_ToString.aj
E:\SoftSquare\APP2Track\EM\src\main\java\com\app2\app2t\domain\em\EMTeam.java
E:\SoftSquare\APP2Track\EM\src\main\java\com\app2\app2t\domain\em\EMTeam_Roo_Configurable.aj
E:\SoftSquare\APP2Track\EM\src\main\java\com\app2\app2t\domain\em\EMTeam_Roo_JavaBean.aj
E:\SoftSquare\APP2Track\EM\src\main\java\com\app2\app2t\domain\em\EMTeam_Roo_Jpa_ActiveRecord.aj
E:\SoftSquare\APP2Track\EM\src\main\java\com\app2\app2t\domain\em\EMTeam_Roo_Jpa_Entity.aj
E:\SoftSquare\APP2Track\EM\src\main\java\com\app2\app2t\domain\em\EMTeam_Roo_ToString.aj
